{"C:\\Users\\dream\\Projects\\Web3Tracker\\src\\components\\Favicon.tsx": {"path":"C:\\Users\\dream\\Projects\\Web3Tracker\\src\\components\\Favicon.tsx","statementMap":{"0":{"start":{"line":11,"column":40},"end":{"line":11,"column":null}},"1":{"start":{"line":13,"column":25},"end":{"line":22,"column":null}},"2":{"start":{"line":14,"column":4},"end":{"line":21,"column":null}},"3":{"start":{"line":16,"column":8},"end":{"line":16,"column":null}},"4":{"start":{"line":18,"column":8},"end":{"line":18,"column":null}},"5":{"start":{"line":20,"column":8},"end":{"line":20,"column":null}},"6":{"start":{"line":24,"column":21},"end":{"line":24,"column":null}},"7":{"start":{"line":26,"column":2},"end":{"line":36,"column":null}},"8":{"start":{"line":28,"column":4},"end":{"line":34,"column":null}},"9":{"start":{"line":38,"column":2},"end":{"line":48,"column":null}},"10":{"start":{"line":46,"column":21},"end":{"line":46,"column":null}},"11":{"start":{"line":46,"column":46},"end":{"line":46,"column":54}}},"fnMap":{"0":{"name":"Favicon","decl":{"start":{"line":10,"column":16},"end":{"line":10,"column":24}},"loc":{"start":{"line":10,"column":57},"end":{"line":50,"column":null}},"line":10},"1":{"name":"(anonymous_1)","decl":{"start":{"line":13,"column":25},"end":{"line":13,"column":31}},"loc":{"start":{"line":13,"column":31},"end":{"line":22,"column":null}},"line":13},"2":{"name":"(anonymous_2)","decl":{"start":{"line":46,"column":15},"end":{"line":46,"column":21}},"loc":{"start":{"line":46,"column":21},"end":{"line":46,"column":null}},"line":46},"3":{"name":"(anonymous_3)","decl":{"start":{"line":46,"column":38},"end":{"line":46,"column":46}},"loc":{"start":{"line":46,"column":46},"end":{"line":46,"column":54}},"line":46}},"branchMap":{"0":{"loc":{"start":{"line":10,"column":37},"end":{"line":10,"column":47}},"type":"default-arg","locations":[{"start":{"line":10,"column":44},"end":{"line":10,"column":47}}],"line":10},"1":{"loc":{"start":{"line":14,"column":4},"end":{"line":21,"column":null}},"type":"switch","locations":[{"start":{"line":15,"column":6},"end":{"line":16,"column":null}},{"start":{"line":17,"column":6},"end":{"line":18,"column":null}},{"start":{"line":19,"column":6},"end":{"line":20,"column":null}}],"line":14},"2":{"loc":{"start":{"line":26,"column":2},"end":{"line":36,"column":null}},"type":"if","locations":[{"start":{"line":26,"column":2},"end":{"line":36,"column":null}},{"start":{},"end":{}}],"line":26}},"s":{"0":0,"1":0,"2":0,"3":0,"4":0,"5":0,"6":0,"7":0,"8":0,"9":0,"10":0,"11":0},"f":{"0":0,"1":0,"2":0,"3":0},"b":{"0":[0],"1":[0,0,0],"2":[0,0]},"meta":{"lastBranch":3,"lastFunction":4,"lastStatement":12,"seen":{"f:10:16:10:24":0,"b:10:44:10:47":0,"s:11:40:11:Infinity":0,"s:13:25:22:Infinity":1,"f:13:25:13:31":1,"b:15:6:16:Infinity:17:6:18:Infinity:19:6:20:Infinity":1,"s:14:4:21:Infinity":2,"s:16:8:16:Infinity":3,"s:18:8:18:Infinity":4,"s:20:8:20:Infinity":5,"s:24:21:24:Infinity":6,"b:26:2:36:Infinity:undefined:undefined:undefined:undefined":2,"s:26:2:36:Infinity":7,"s:28:4:34:Infinity":8,"s:38:2:48:Infinity":9,"f:46:15:46:21":2,"s:46:21:46:Infinity":10,"f:46:38:46:46":3,"s:46:46:46:54":11}}}
,"C:\\Users\\dream\\Projects\\Web3Tracker\\src\\components\\ProjectDeadline.tsx": {"path":"C:\\Users\\dream\\Projects\\Web3Tracker\\src\\components\\ProjectDeadline.tsx","statementMap":{"0":{"start":{"line":13,"column":14},"end":{"line":13,"column":null}},"1":{"start":{"line":14,"column":15},"end":{"line":14,"column":null}},"2":{"start":{"line":15,"column":15},"end":{"line":15,"column":null}},"3":{"start":{"line":17,"column":2},"end":{"line":17,"column":null}},"4":{"start":{"line":17,"column":16},"end":{"line":17,"column":null}},"5":{"start":{"line":18,"column":2},"end":{"line":18,"column":null}},"6":{"start":{"line":18,"column":18},"end":{"line":18,"column":null}},"7":{"start":{"line":19,"column":2},"end":{"line":19,"column":null}},"8":{"start":{"line":19,"column":18},"end":{"line":19,"column":null}},"9":{"start":{"line":20,"column":2},"end":{"line":20,"column":null}},"10":{"start":{"line":20,"column":17},"end":{"line":20,"column":null}},"11":{"start":{"line":21,"column":2},"end":{"line":21,"column":null}},"12":{"start":{"line":21,"column":18},"end":{"line":21,"column":null}},"13":{"start":{"line":22,"column":2},"end":{"line":25,"column":null}},"14":{"start":{"line":29,"column":19},"end":{"line":29,"column":null}},"15":{"start":{"line":31,"column":2},"end":{"line":35,"column":null}}},"fnMap":{"0":{"name":"formatDeadline","decl":{"start":{"line":12,"column":9},"end":{"line":12,"column":24}},"loc":{"start":{"line":12,"column":57},"end":{"line":26,"column":null}},"line":12},"1":{"name":"ProjectDeadline","decl":{"start":{"line":28,"column":16},"end":{"line":28,"column":32}},"loc":{"start":{"line":28,"column":69},"end":{"line":37,"column":null}},"line":28}},"branchMap":{"0":{"loc":{"start":{"line":17,"column":2},"end":{"line":17,"column":null}},"type":"if","locations":[{"start":{"line":17,"column":2},"end":{"line":17,"column":null}},{"start":{},"end":{}}],"line":17},"1":{"loc":{"start":{"line":18,"column":2},"end":{"line":18,"column":null}},"type":"if","locations":[{"start":{"line":18,"column":2},"end":{"line":18,"column":null}},{"start":{},"end":{}}],"line":18},"2":{"loc":{"start":{"line":19,"column":2},"end":{"line":19,"column":null}},"type":"if","locations":[{"start":{"line":19,"column":2},"end":{"line":19,"column":null}},{"start":{},"end":{}}],"line":19},"3":{"loc":{"start":{"line":20,"column":2},"end":{"line":20,"column":null}},"type":"if","locations":[{"start":{"line":20,"column":2},"end":{"line":20,"column":null}},{"start":{},"end":{}}],"line":20},"4":{"loc":{"start":{"line":21,"column":2},"end":{"line":21,"column":null}},"type":"if","locations":[{"start":{"line":21,"column":2},"end":{"line":21,"column":null}},{"start":{},"end":{}}],"line":21},"5":{"loc":{"start":{"line":32,"column":49},"end":{"line":32,"column":112}},"type":"cond-expr","locations":[{"start":{"line":32,"column":67},"end":{"line":32,"column":86}},{"start":{"line":32,"column":86},"end":{"line":32,"column":112}}],"line":32}},"s":{"0":7,"1":7,"2":7,"3":7,"4":2,"5":5,"6":5,"7":5,"8":5,"9":2,"10":2,"11":1,"12":0,"13":1,"14":7,"15":7},"f":{"0":7,"1":7},"b":{"0":[2,5],"1":[0,5],"2":[3,2],"3":[1,1],"4":[0,1],"5":[6,1]},"meta":{"lastBranch":6,"lastFunction":2,"lastStatement":16,"seen":{"f:12:9:12:24":0,"s:13:14:13:Infinity":0,"s:14:15:14:Infinity":1,"s:15:15:15:Infinity":2,"b:17:2:17:Infinity:undefined:undefined:undefined:undefined":0,"s:17:2:17:Infinity":3,"s:17:16:17:Infinity":4,"b:18:2:18:Infinity:undefined:undefined:undefined:undefined":1,"s:18:2:18:Infinity":5,"s:18:18:18:Infinity":6,"b:19:2:19:Infinity:undefined:undefined:undefined:undefined":2,"s:19:2:19:Infinity":7,"s:19:18:19:Infinity":8,"b:20:2:20:Infinity:undefined:undefined:undefined:undefined":3,"s:20:2:20:Infinity":9,"s:20:17:20:Infinity":10,"b:21:2:21:Infinity:undefined:undefined:undefined:undefined":4,"s:21:2:21:Infinity":11,"s:21:18:21:Infinity":12,"s:22:2:25:Infinity":13,"f:28:16:28:32":1,"s:29:19:29:Infinity":14,"s:31:2:35:Infinity":15,"b:32:67:32:86:32:86:32:112":5}}}
,"C:\\Users\\dream\\Projects\\Web3Tracker\\src\\components\\ProjectLogo.tsx": {"path":"C:\\Users\\dream\\Projects\\Web3Tracker\\src\\components\\ProjectLogo.tsx","statementMap":{"0":{"start":{"line":11,"column":2},"end":{"line":11,"column":null}},"1":{"start":{"line":11,"column":28},"end":{"line":11,"column":null}},"2":{"start":{"line":13,"column":2},"end":{"line":41,"column":null}},"3":{"start":{"line":33,"column":14},"end":{"line":33,"column":null}}},"fnMap":{"0":{"name":"ProjectLogo","decl":{"start":{"line":10,"column":16},"end":{"line":10,"column":28}},"loc":{"start":{"line":10,"column":85},"end":{"line":43,"column":null}},"line":10},"1":{"name":"(anonymous_1)","decl":{"start":{"line":32,"column":21},"end":{"line":32,"column":22}},"loc":{"start":{"line":32,"column":28},"end":{"line":34,"column":null}},"line":32}},"branchMap":{"0":{"loc":{"start":{"line":10,"column":54},"end":{"line":10,"column":64}},"type":"default-arg","locations":[{"start":{"line":10,"column":61},"end":{"line":10,"column":64}}],"line":10},"1":{"loc":{"start":{"line":11,"column":2},"end":{"line":11,"column":null}},"type":"if","locations":[{"start":{"line":11,"column":2},"end":{"line":11,"column":null}},{"start":{},"end":{}}],"line":11},"2":{"loc":{"start":{"line":11,"column":6},"end":{"line":11,"column":28}},"type":"binary-expr","locations":[{"start":{"line":11,"column":6},"end":{"line":11,"column":18}},{"start":{"line":11,"column":18},"end":{"line":11,"column":28}}],"line":11},"3":{"loc":{"start":{"line":18,"column":7},"end":{"line":40,"column":null}},"type":"cond-expr","locations":[{"start":{"line":20,"column":8},"end":{"line":35,"column":null}},{"start":{"line":37,"column":10},"end":{"line":40,"column":null}}],"line":18},"4":{"loc":{"start":{"line":20,"column":8},"end":{"line":35,"column":null}},"type":"cond-expr","locations":[{"start":{"line":22,"column":10},"end":{"line":25,"column":null}},{"start":{"line":28,"column":10},"end":{"line":35,"column":null}}],"line":20},"5":{"loc":{"start":{"line":37,"column":10},"end":{"line":40,"column":null}},"type":"cond-expr","locations":[{"start":{"line":39,"column":8},"end":{"line":39,"column":null}},{"start":{"line":40,"column":10},"end":{"line":40,"column":null}}],"line":37}},"s":{"0":5,"1":1,"2":4,"3":1},"f":{"0":5,"1":1},"b":{"0":[5],"1":[1,4],"2":[5,1],"3":[4,0],"4":[1,3],"5":[0,0]},"meta":{"lastBranch":6,"lastFunction":2,"lastStatement":4,"seen":{"f:10:16:10:28":0,"b:10:61:10:64":0,"b:11:2:11:Infinity:undefined:undefined:undefined:undefined":1,"s:11:2:11:Infinity":0,"b:11:6:11:18:11:18:11:28":2,"s:11:28:11:Infinity":1,"s:13:2:41:Infinity":2,"b:20:8:35:Infinity:37:10:40:Infinity":3,"b:22:10:25:Infinity:28:10:35:Infinity":4,"f:32:21:32:22":1,"s:33:14:33:Infinity":3,"b:39:8:39:Infinity:40:10:40:Infinity":5}}}
,"C:\\Users\\dream\\Projects\\Web3Tracker\\src\\components\\ProjectPriority.tsx": {"path":"C:\\Users\\dream\\Projects\\Web3Tracker\\src\\components\\ProjectPriority.tsx","statementMap":{"0":{"start":{"line":15,"column":59},"end":{"line":19,"column":null}},"1":{"start":{"line":21,"column":17},"end":{"line":21,"column":null}},"2":{"start":{"line":23,"column":2},"end":{"line":27,"column":null}}},"fnMap":{"0":{"name":"ProjectPriority","decl":{"start":{"line":14,"column":16},"end":{"line":14,"column":32}},"loc":{"start":{"line":14,"column":68},"end":{"line":29,"column":null}},"line":14}},"branchMap":{"0":{"loc":{"start":{"line":21,"column":17},"end":{"line":21,"column":null}},"type":"binary-expr","locations":[{"start":{"line":21,"column":17},"end":{"line":21,"column":45}},{"start":{"line":21,"column":45},"end":{"line":21,"column":null}}],"line":21}},"s":{"0":7,"1":7,"2":7},"f":{"0":7},"b":{"0":[7,0]},"meta":{"lastBranch":1,"lastFunction":1,"lastStatement":3,"seen":{"f:14:16:14:32":0,"s:15:59:19:Infinity":0,"s:21:17:21:Infinity":1,"b:21:17:21:45:21:45:21:Infinity":0,"s:23:2:27:Infinity":2}}}
,"C:\\Users\\dream\\Projects\\Web3Tracker\\src\\components\\ProjectStats.tsx": {"path":"C:\\Users\\dream\\Projects\\Web3Tracker\\src\\components\\ProjectStats.tsx","statementMap":{"0":{"start":{"line":9,"column":2},"end":{"line":9,"column":null}},"1":{"start":{"line":9,"column":50},"end":{"line":9,"column":null}},"2":{"start":{"line":11,"column":2},"end":{"line":25,"column":null}}},"fnMap":{"0":{"name":"ProjectStats","decl":{"start":{"line":8,"column":16},"end":{"line":8,"column":29}},"loc":{"start":{"line":8,"column":82},"end":{"line":27,"column":null}},"line":8}},"branchMap":{"0":{"loc":{"start":{"line":9,"column":2},"end":{"line":9,"column":null}},"type":"if","locations":[{"start":{"line":9,"column":2},"end":{"line":9,"column":null}},{"start":{},"end":{}}],"line":9},"1":{"loc":{"start":{"line":9,"column":6},"end":{"line":9,"column":50}},"type":"binary-expr","locations":[{"start":{"line":9,"column":6},"end":{"line":9,"column":31}},{"start":{"line":9,"column":31},"end":{"line":9,"column":50}}],"line":9},"2":{"loc":{"start":{"line":13,"column":7},"end":{"line":17,"column":null}},"type":"binary-expr","locations":[{"start":{"line":13,"column":7},"end":{"line":13,"column":null}},{"start":{"line":14,"column":8},"end":{"line":17,"column":null}}],"line":13},"3":{"loc":{"start":{"line":19,"column":7},"end":{"line":23,"column":null}},"type":"binary-expr","locations":[{"start":{"line":19,"column":7},"end":{"line":19,"column":null}},{"start":{"line":20,"column":8},"end":{"line":23,"column":null}}],"line":19},"4":{"loc":{"start":{"line":20,"column":51},"end":{"line":20,"column":104}},"type":"cond-expr","locations":[{"start":{"line":20,"column":69},"end":{"line":20,"column":90}},{"start":{"line":20,"column":90},"end":{"line":20,"column":104}}],"line":20},"5":{"loc":{"start":{"line":22,"column":21},"end":{"line":22,"column":48}},"type":"cond-expr","locations":[{"start":{"line":22,"column":39},"end":{"line":22,"column":45}},{"start":{"line":22,"column":45},"end":{"line":22,"column":48}}],"line":22}},"s":{"0":8,"1":1,"2":7},"f":{"0":8},"b":{"0":[1,7],"1":[8,2],"2":[7,6],"3":[8,6],"4":[5,1],"5":[5,1]},"meta":{"lastBranch":6,"lastFunction":1,"lastStatement":3,"seen":{"f:8:16:8:29":0,"b:9:2:9:Infinity:undefined:undefined:undefined:undefined":0,"s:9:2:9:Infinity":0,"b:9:6:9:31:9:31:9:50":1,"s:9:50:9:Infinity":1,"s:11:2:25:Infinity":2,"b:13:7:13:Infinity:14:8:17:Infinity":2,"b:19:7:19:Infinity:20:8:23:Infinity":3,"b:20:69:20:90:20:90:20:104":4,"b:22:39:22:45:22:45:22:48":5}}}
,"C:\\Users\\dream\\Projects\\Web3Tracker\\src\\components\\ProjectStatus.tsx": {"path":"C:\\Users\\dream\\Projects\\Web3Tracker\\src\\components\\ProjectStatus.tsx","statementMap":{"0":{"start":{"line":16,"column":57},"end":{"line":47,"column":null}},"1":{"start":{"line":49,"column":17},"end":{"line":49,"column":null}},"2":{"start":{"line":51,"column":2},"end":{"line":55,"column":null}}},"fnMap":{"0":{"name":"ProjectStatus","decl":{"start":{"line":15,"column":16},"end":{"line":15,"column":30}},"loc":{"start":{"line":15,"column":79},"end":{"line":57,"column":null}},"line":15}},"branchMap":{"0":{"loc":{"start":{"line":15,"column":40},"end":{"line":15,"column":56}},"type":"default-arg","locations":[{"start":{"line":15,"column":50},"end":{"line":15,"column":56}}],"line":15},"1":{"loc":{"start":{"line":21,"column":13},"end":{"line":21,"column":null}},"type":"cond-expr","locations":[{"start":{"line":21,"column":23},"end":{"line":21,"column":31}},{"start":{"line":21,"column":31},"end":{"line":21,"column":null}}],"line":21},"2":{"loc":{"start":{"line":27,"column":13},"end":{"line":27,"column":null}},"type":"cond-expr","locations":[{"start":{"line":27,"column":23},"end":{"line":27,"column":31}},{"start":{"line":27,"column":31},"end":{"line":27,"column":null}}],"line":27},"3":{"loc":{"start":{"line":33,"column":13},"end":{"line":33,"column":null}},"type":"cond-expr","locations":[{"start":{"line":33,"column":23},"end":{"line":33,"column":31}},{"start":{"line":33,"column":31},"end":{"line":33,"column":null}}],"line":33},"4":{"loc":{"start":{"line":39,"column":13},"end":{"line":39,"column":null}},"type":"cond-expr","locations":[{"start":{"line":39,"column":23},"end":{"line":39,"column":31}},{"start":{"line":39,"column":31},"end":{"line":39,"column":null}}],"line":39},"5":{"loc":{"start":{"line":49,"column":17},"end":{"line":49,"column":null}},"type":"binary-expr","locations":[{"start":{"line":49,"column":17},"end":{"line":49,"column":41}},{"start":{"line":49,"column":41},"end":{"line":49,"column":null}}],"line":49}},"s":{"0":10,"1":10,"2":10},"f":{"0":10},"b":{"0":[10],"1":[4,6],"2":[4,6],"3":[4,6],"4":[4,6],"5":[10,0]},"meta":{"lastBranch":6,"lastFunction":1,"lastStatement":3,"seen":{"f:15:16:15:30":0,"b:15:50:15:56":0,"s:16:57:47:Infinity":0,"b:21:23:21:31:21:31:21:Infinity":1,"b:27:23:27:31:27:31:27:Infinity":2,"b:33:23:33:31:33:31:33:Infinity":3,"b:39:23:39:31:39:31:39:Infinity":4,"s:49:17:49:Infinity":1,"b:49:17:49:41:49:41:49:Infinity":5,"s:51:2:55:Infinity":2}}}
,"C:\\Users\\dream\\Projects\\Web3Tracker\\src\\components\\TokenPriceChart.tsx": {"path":"C:\\Users\\dream\\Projects\\Web3Tracker\\src\\components\\TokenPriceChart.tsx","statementMap":{"0":{"start":{"line":13,"column":32},"end":{"line":13,"column":null}},"1":{"start":{"line":15,"column":2},"end":{"line":21,"column":null}},"2":{"start":{"line":16,"column":4},"end":{"line":19,"column":null}},"3":{"start":{"line":24,"column":26},"end":{"line":102,"column":null}},"4":{"start":{"line":25,"column":26},"end":{"line":25,"column":null}},"5":{"start":{"line":25,"column":59},"end":{"line":25,"column":74}},"6":{"start":{"line":27,"column":4},"end":{"line":29,"column":null}},"7":{"start":{"line":28,"column":6},"end":{"line":28,"column":null}},"8":{"start":{"line":31,"column":16},"end":{"line":31,"column":null}},"9":{"start":{"line":32,"column":21},"end":{"line":32,"column":null}},"10":{"start":{"line":33,"column":23},"end":{"line":33,"column":null}},"11":{"start":{"line":35,"column":4},"end":{"line":56,"column":null}},"12":{"start":{"line":37,"column":8},"end":{"line":37,"column":null}},"13":{"start":{"line":38,"column":8},"end":{"line":38,"column":null}},"14":{"start":{"line":39,"column":8},"end":{"line":39,"column":null}},"15":{"start":{"line":41,"column":8},"end":{"line":41,"column":null}},"16":{"start":{"line":42,"column":8},"end":{"line":42,"column":null}},"17":{"start":{"line":43,"column":8},"end":{"line":43,"column":null}},"18":{"start":{"line":45,"column":8},"end":{"line":45,"column":null}},"19":{"start":{"line":46,"column":8},"end":{"line":46,"column":null}},"20":{"start":{"line":47,"column":8},"end":{"line":47,"column":null}},"21":{"start":{"line":49,"column":8},"end":{"line":49,"column":null}},"22":{"start":{"line":50,"column":8},"end":{"line":50,"column":null}},"23":{"start":{"line":51,"column":8},"end":{"line":51,"column":null}},"24":{"start":{"line":53,"column":8},"end":{"line":53,"column":null}},"25":{"start":{"line":54,"column":8},"end":{"line":54,"column":null}},"26":{"start":{"line":55,"column":8},"end":{"line":55,"column":null}},"27":{"start":{"line":59,"column":21},"end":{"line":59,"column":null}},"28":{"start":{"line":59,"column":47},"end":{"line":59,"column":67}},"29":{"start":{"line":62,"column":4},"end":{"line":92,"column":null}},"30":{"start":{"line":64,"column":25},"end":{"line":64,"column":null}},"31":{"start":{"line":65,"column":6},"end":{"line":65,"column":null}},"32":{"start":{"line":65,"column":33},"end":{"line":65,"column":null}},"33":{"start":{"line":67,"column":25},"end":{"line":67,"column":null}},"34":{"start":{"line":68,"column":23},"end":{"line":68,"column":null}},"35":{"start":{"line":69,"column":23},"end":{"line":69,"column":null}},"36":{"start":{"line":72,"column":46},"end":{"line":72,"column":null}},"37":{"start":{"line":73,"column":19},"end":{"line":73,"column":null}},"38":{"start":{"line":75,"column":6},"end":{"line":89,"column":null}},"39":{"start":{"line":75,"column":19},"end":{"line":75,"column":22}},"40":{"start":{"line":76,"column":22},"end":{"line":76,"column":null}},"41":{"start":{"line":77,"column":21},"end":{"line":77,"column":null}},"42":{"start":{"line":78,"column":22},"end":{"line":78,"column":null}},"43":{"start":{"line":80,"column":27},"end":{"line":80,"column":null}},"44":{"start":{"line":81,"column":14},"end":{"line":81,"column":null}},"45":{"start":{"line":83,"column":8},"end":{"line":88,"column":null}},"46":{"start":{"line":91,"column":6},"end":{"line":91,"column":null}},"47":{"start":{"line":95,"column":4},"end":{"line":97,"column":null}},"48":{"start":{"line":96,"column":6},"end":{"line":96,"column":null}},"49":{"start":{"line":100,"column":17},"end":{"line":100,"column":null}},"50":{"start":{"line":101,"column":4},"end":{"line":101,"column":null}},"51":{"start":{"line":101,"column":41},"end":{"line":101,"column":59}},"52":{"start":{"line":104,"column":26},"end":{"line":104,"column":null}},"53":{"start":{"line":106,"column":2},"end":{"line":118,"column":null}},"54":{"start":{"line":107,"column":4},"end":{"line":116,"column":null}},"55":{"start":{"line":111,"column":25},"end":{"line":111,"column":null}},"56":{"start":{"line":121,"column":20},"end":{"line":144,"column":null}},"57":{"start":{"line":122,"column":20},"end":{"line":122,"column":35}},"58":{"start":{"line":124,"column":24},"end":{"line":124,"column":null}},"59":{"start":{"line":126,"column":23},"end":{"line":126,"column":null}},"60":{"start":{"line":127,"column":6},"end":{"line":133,"column":null}},"61":{"start":{"line":128,"column":8},"end":{"line":128,"column":null}},"62":{"start":{"line":129,"column":6},"end":{"line":133,"column":null}},"63":{"start":{"line":130,"column":8},"end":{"line":130,"column":null}},"64":{"start":{"line":132,"column":8},"end":{"line":132,"column":null}},"65":{"start":{"line":135,"column":6},"end":{"line":143,"column":null}},"66":{"start":{"line":147,"column":21},"end":{"line":147,"column":null}},"67":{"start":{"line":148,"column":20},"end":{"line":148,"column":null}},"68":{"start":{"line":149,"column":22},"end":{"line":149,"column":null}},"69":{"start":{"line":150,"column":29},"end":{"line":150,"column":null}},"70":{"start":{"line":151,"column":21},"end":{"line":151,"column":null}},"71":{"start":{"line":154,"column":20},"end":{"line":154,"column":null}},"72":{"start":{"line":154,"column":45},"end":{"line":154,"column":52}},"73":{"start":{"line":155,"column":23},"end":{"line":155,"column":null}},"74":{"start":{"line":156,"column":22},"end":{"line":156,"column":null}},"75":{"start":{"line":159,"column":19},"end":{"line":159,"column":null}},"76":{"start":{"line":159,"column":46},"end":{"line":159,"column":53}},"77":{"start":{"line":162,"column":18},"end":{"line":166,"column":null}},"78":{"start":{"line":163,"column":4},"end":{"line":163,"column":null}},"79":{"start":{"line":163,"column":19},"end":{"line":163,"column":null}},"80":{"start":{"line":164,"column":16},"end":{"line":164,"column":null}},"81":{"start":{"line":164,"column":73},"end":{"line":164,"column":88}},"82":{"start":{"line":165,"column":4},"end":{"line":165,"column":null}},"83":{"start":{"line":169,"column":19},"end":{"line":173,"column":null}},"84":{"start":{"line":170,"column":4},"end":{"line":170,"column":null}},"85":{"start":{"line":170,"column":20},"end":{"line":170,"column":null}},"86":{"start":{"line":171,"column":16},"end":{"line":171,"column":null}},"87":{"start":{"line":171,"column":74},"end":{"line":171,"column":89}},"88":{"start":{"line":172,"column":4},"end":{"line":172,"column":null}},"89":{"start":{"line":176,"column":23},"end":{"line":180,"column":null}},"90":{"start":{"line":176,"column":56},"end":{"line":180,"column":4}},"91":{"start":{"line":183,"column":8},"end":{"line":183,"column":null}},"92":{"start":{"line":185,"column":2},"end":{"line":398,"column":null}},"93":{"start":{"line":198,"column":12},"end":{"line":207,"column":null}},"94":{"start":{"line":200,"column":29},"end":{"line":200,"column":null}},"95":{"start":{"line":291,"column":40},"end":{"line":291,"column":null}},"96":{"start":{"line":313,"column":16},"end":{"line":313,"column":null}},"97":{"start":{"line":313,"column":59},"end":{"line":313,"column":null}},"98":{"start":{"line":314,"column":16},"end":{"line":314,"column":null}},"99":{"start":{"line":314,"column":38},"end":{"line":314,"column":null}},"100":{"start":{"line":315,"column":16},"end":{"line":315,"column":null}},"101":{"start":{"line":315,"column":36},"end":{"line":315,"column":null}},"102":{"start":{"line":316,"column":16},"end":{"line":316,"column":null}},"103":{"start":{"line":316,"column":37},"end":{"line":316,"column":null}},"104":{"start":{"line":317,"column":16},"end":{"line":317,"column":null}},"105":{"start":{"line":317,"column":39},"end":{"line":317,"column":null}},"106":{"start":{"line":318,"column":16},"end":{"line":318,"column":null}}},"fnMap":{"0":{"name":"TokenPriceChart","decl":{"start":{"line":12,"column":16},"end":{"line":12,"column":32}},"loc":{"start":{"line":12,"column":57},"end":{"line":400,"column":null}},"line":12},"1":{"name":"(anonymous_1)","decl":{"start":{"line":24,"column":26},"end":{"line":24,"column":32}},"loc":{"start":{"line":24,"column":32},"end":{"line":102,"column":null}},"line":24},"2":{"name":"(anonymous_2)","decl":{"start":{"line":25,"column":49},"end":{"line":25,"column":50}},"loc":{"start":{"line":25,"column":59},"end":{"line":25,"column":74}},"line":25},"3":{"name":"(anonymous_3)","decl":{"start":{"line":59,"column":42},"end":{"line":59,"column":47}},"loc":{"start":{"line":59,"column":47},"end":{"line":59,"column":67}},"line":59},"4":{"name":"(anonymous_4)","decl":{"start":{"line":101,"column":27},"end":{"line":101,"column":28}},"loc":{"start":{"line":101,"column":41},"end":{"line":101,"column":59}},"line":101},"5":{"name":"(anonymous_5)","decl":{"start":{"line":111,"column":19},"end":{"line":111,"column":25}},"loc":{"start":{"line":111,"column":25},"end":{"line":111,"column":null}},"line":111},"6":{"name":"(anonymous_6)","decl":{"start":{"line":122,"column":10},"end":{"line":122,"column":11}},"loc":{"start":{"line":122,"column":20},"end":{"line":122,"column":35}},"line":122},"7":{"name":"(anonymous_7)","decl":{"start":{"line":123,"column":9},"end":{"line":123,"column":10}},"loc":{"start":{"line":123,"column":32},"end":{"line":144,"column":5}},"line":123},"8":{"name":"(anonymous_8)","decl":{"start":{"line":154,"column":40},"end":{"line":154,"column":45}},"loc":{"start":{"line":154,"column":45},"end":{"line":154,"column":52}},"line":154},"9":{"name":"(anonymous_9)","decl":{"start":{"line":159,"column":36},"end":{"line":159,"column":37}},"loc":{"start":{"line":159,"column":46},"end":{"line":159,"column":53}},"line":159},"10":{"name":"(anonymous_10)","decl":{"start":{"line":162,"column":32},"end":{"line":162,"column":33}},"loc":{"start":{"line":162,"column":51},"end":{"line":166,"column":3}},"line":162},"11":{"name":"(anonymous_11)","decl":{"start":{"line":164,"column":61},"end":{"line":164,"column":62}},"loc":{"start":{"line":164,"column":73},"end":{"line":164,"column":88}},"line":164},"12":{"name":"(anonymous_12)","decl":{"start":{"line":169,"column":33},"end":{"line":169,"column":34}},"loc":{"start":{"line":169,"column":52},"end":{"line":173,"column":3}},"line":169},"13":{"name":"(anonymous_13)","decl":{"start":{"line":171,"column":62},"end":{"line":171,"column":63}},"loc":{"start":{"line":171,"column":74},"end":{"line":171,"column":89}},"line":171},"14":{"name":"(anonymous_14)","decl":{"start":{"line":176,"column":37},"end":{"line":176,"column":38}},"loc":{"start":{"line":176,"column":56},"end":{"line":180,"column":4}},"line":176},"15":{"name":"(anonymous_15)","decl":{"start":{"line":197,"column":16},"end":{"line":197,"column":17}},"loc":{"start":{"line":198,"column":12},"end":{"line":207,"column":null}},"line":198},"16":{"name":"(anonymous_16)","decl":{"start":{"line":200,"column":23},"end":{"line":200,"column":29}},"loc":{"start":{"line":200,"column":29},"end":{"line":200,"column":null}},"line":200},"17":{"name":"(anonymous_17)","decl":{"start":{"line":291,"column":29},"end":{"line":291,"column":30}},"loc":{"start":{"line":291,"column":40},"end":{"line":291,"column":null}},"line":291},"18":{"name":"(anonymous_18)","decl":{"start":{"line":312,"column":25},"end":{"line":312,"column":26}},"loc":{"start":{"line":312,"column":52},"end":{"line":319,"column":null}},"line":312}},"branchMap":{"0":{"loc":{"start":{"line":15,"column":2},"end":{"line":21,"column":null}},"type":"if","locations":[{"start":{"line":15,"column":2},"end":{"line":21,"column":null}},{"start":{},"end":{}}],"line":15},"1":{"loc":{"start":{"line":15,"column":6},"end":{"line":15,"column":50}},"type":"binary-expr","locations":[{"start":{"line":15,"column":6},"end":{"line":15,"column":23}},{"start":{"line":15,"column":23},"end":{"line":15,"column":50}}],"line":15},"2":{"loc":{"start":{"line":27,"column":4},"end":{"line":29,"column":null}},"type":"if","locations":[{"start":{"line":27,"column":4},"end":{"line":29,"column":null}},{"start":{},"end":{}}],"line":27},"3":{"loc":{"start":{"line":35,"column":4},"end":{"line":56,"column":null}},"type":"switch","locations":[{"start":{"line":36,"column":6},"end":{"line":39,"column":null}},{"start":{"line":40,"column":6},"end":{"line":43,"column":null}},{"start":{"line":44,"column":6},"end":{"line":47,"column":null}},{"start":{"line":48,"column":6},"end":{"line":51,"column":null}},{"start":{"line":52,"column":6},"end":{"line":55,"column":null}}],"line":35},"4":{"loc":{"start":{"line":62,"column":4},"end":{"line":92,"column":null}},"type":"if","locations":[{"start":{"line":62,"column":4},"end":{"line":92,"column":null}},{"start":{},"end":{}}],"line":62},"5":{"loc":{"start":{"line":65,"column":6},"end":{"line":65,"column":null}},"type":"if","locations":[{"start":{"line":65,"column":6},"end":{"line":65,"column":null}},{"start":{},"end":{}}],"line":65},"6":{"loc":{"start":{"line":69,"column":23},"end":{"line":69,"column":null}},"type":"cond-expr","locations":[{"start":{"line":69,"column":40},"end":{"line":69,"column":59}},{"start":{"line":69,"column":59},"end":{"line":69,"column":null}}],"line":69},"7":{"loc":{"start":{"line":95,"column":4},"end":{"line":97,"column":null}},"type":"if","locations":[{"start":{"line":95,"column":4},"end":{"line":97,"column":null}},{"start":{},"end":{}}],"line":95},"8":{"loc":{"start":{"line":106,"column":2},"end":{"line":118,"column":null}},"type":"if","locations":[{"start":{"line":106,"column":2},"end":{"line":118,"column":null}},{"start":{},"end":{}}],"line":106},"9":{"loc":{"start":{"line":124,"column":24},"end":{"line":124,"column":null}},"type":"cond-expr","locations":[{"start":{"line":124,"column":36},"end":{"line":124,"column":59}},{"start":{"line":124,"column":59},"end":{"line":124,"column":null}}],"line":124},"10":{"loc":{"start":{"line":127,"column":6},"end":{"line":133,"column":null}},"type":"if","locations":[{"start":{"line":127,"column":6},"end":{"line":133,"column":null}},{"start":{"line":129,"column":6},"end":{"line":133,"column":null}}],"line":127},"11":{"loc":{"start":{"line":127,"column":10},"end":{"line":127,"column":52}},"type":"binary-expr","locations":[{"start":{"line":127,"column":10},"end":{"line":127,"column":32}},{"start":{"line":127,"column":32},"end":{"line":127,"column":52}}],"line":127},"12":{"loc":{"start":{"line":129,"column":6},"end":{"line":133,"column":null}},"type":"if","locations":[{"start":{"line":129,"column":6},"end":{"line":133,"column":null}},{"start":{"line":131,"column":13},"end":{"line":133,"column":null}}],"line":129},"13":{"loc":{"start":{"line":139,"column":14},"end":{"line":139,"column":null}},"type":"binary-expr","locations":[{"start":{"line":139,"column":14},"end":{"line":139,"column":28}},{"start":{"line":139,"column":28},"end":{"line":139,"column":null}}],"line":139},"14":{"loc":{"start":{"line":140,"column":13},"end":{"line":140,"column":null}},"type":"binary-expr","locations":[{"start":{"line":140,"column":13},"end":{"line":140,"column":26}},{"start":{"line":140,"column":26},"end":{"line":140,"column":null}}],"line":140},"15":{"loc":{"start":{"line":147,"column":21},"end":{"line":147,"column":null}},"type":"binary-expr","locations":[{"start":{"line":147,"column":21},"end":{"line":147,"column":50}},{"start":{"line":147,"column":50},"end":{"line":147,"column":null}}],"line":147},"16":{"loc":{"start":{"line":148,"column":20},"end":{"line":148,"column":null}},"type":"binary-expr","locations":[{"start":{"line":148,"column":20},"end":{"line":148,"column":74}},{"start":{"line":148,"column":74},"end":{"line":148,"column":null}}],"line":148},"17":{"loc":{"start":{"line":150,"column":29},"end":{"line":150,"column":null}},"type":"cond-expr","locations":[{"start":{"line":150,"column":42},"end":{"line":150,"column":94}},{"start":{"line":150,"column":94},"end":{"line":150,"column":null}}],"line":150},"18":{"loc":{"start":{"line":163,"column":4},"end":{"line":163,"column":null}},"type":"if","locations":[{"start":{"line":163,"column":4},"end":{"line":163,"column":null}},{"start":{},"end":{}}],"line":163},"19":{"loc":{"start":{"line":170,"column":4},"end":{"line":170,"column":null}},"type":"if","locations":[{"start":{"line":170,"column":4},"end":{"line":170,"column":null}},{"start":{},"end":{}}],"line":170},"20":{"loc":{"start":{"line":201,"column":89},"end":{"line":203,"column":null}},"type":"cond-expr","locations":[{"start":{"line":202,"column":18},"end":{"line":202,"column":null}},{"start":{"line":203,"column":18},"end":{"line":203,"column":null}}],"line":201},"21":{"loc":{"start":{"line":221,"column":13},"end":{"line":224,"column":null}},"type":"cond-expr","locations":[{"start":{"line":222,"column":14},"end":{"line":222,"column":null}},{"start":{"line":224,"column":14},"end":{"line":224,"column":null}}],"line":221},"22":{"loc":{"start":{"line":230,"column":51},"end":{"line":230,"column":99}},"type":"cond-expr","locations":[{"start":{"line":230,"column":64},"end":{"line":230,"column":85}},{"start":{"line":230,"column":85},"end":{"line":230,"column":99}}],"line":230},"23":{"loc":{"start":{"line":231,"column":13},"end":{"line":231,"column":36}},"type":"cond-expr","locations":[{"start":{"line":231,"column":26},"end":{"line":231,"column":32}},{"start":{"line":231,"column":32},"end":{"line":231,"column":36}}],"line":231},"24":{"loc":{"start":{"line":231,"column":59},"end":{"line":231,"column":81}},"type":"cond-expr","locations":[{"start":{"line":231,"column":72},"end":{"line":231,"column":78}},{"start":{"line":231,"column":78},"end":{"line":231,"column":81}}],"line":231},"25":{"loc":{"start":{"line":270,"column":45},"end":{"line":270,"column":81}},"type":"cond-expr","locations":[{"start":{"line":270,"column":58},"end":{"line":270,"column":70}},{"start":{"line":270,"column":70},"end":{"line":270,"column":81}}],"line":270},"26":{"loc":{"start":{"line":271,"column":46},"end":{"line":271,"column":82}},"type":"cond-expr","locations":[{"start":{"line":271,"column":59},"end":{"line":271,"column":71}},{"start":{"line":271,"column":71},"end":{"line":271,"column":82}}],"line":271},"27":{"loc":{"start":{"line":313,"column":16},"end":{"line":313,"column":null}},"type":"if","locations":[{"start":{"line":313,"column":16},"end":{"line":313,"column":null}},{"start":{},"end":{}}],"line":313},"28":{"loc":{"start":{"line":313,"column":20},"end":{"line":313,"column":59}},"type":"binary-expr","locations":[{"start":{"line":313,"column":20},"end":{"line":313,"column":43}},{"start":{"line":313,"column":43},"end":{"line":313,"column":59}}],"line":313},"29":{"loc":{"start":{"line":313,"column":73},"end":{"line":313,"column":83}},"type":"binary-expr","locations":[{"start":{"line":313,"column":73},"end":{"line":313,"column":81}},{"start":{"line":313,"column":81},"end":{"line":313,"column":83}}],"line":313},"30":{"loc":{"start":{"line":314,"column":16},"end":{"line":314,"column":null}},"type":"if","locations":[{"start":{"line":314,"column":16},"end":{"line":314,"column":null}},{"start":{},"end":{}}],"line":314},"31":{"loc":{"start":{"line":315,"column":16},"end":{"line":315,"column":null}},"type":"if","locations":[{"start":{"line":315,"column":16},"end":{"line":315,"column":null}},{"start":{},"end":{}}],"line":315},"32":{"loc":{"start":{"line":316,"column":16},"end":{"line":316,"column":null}},"type":"if","locations":[{"start":{"line":316,"column":16},"end":{"line":316,"column":null}},{"start":{},"end":{}}],"line":316},"33":{"loc":{"start":{"line":317,"column":16},"end":{"line":317,"column":null}},"type":"if","locations":[{"start":{"line":317,"column":16},"end":{"line":317,"column":null}},{"start":{},"end":{}}],"line":317},"34":{"loc":{"start":{"line":318,"column":53},"end":{"line":318,"column":63}},"type":"binary-expr","locations":[{"start":{"line":318,"column":53},"end":{"line":318,"column":61}},{"start":{"line":318,"column":61},"end":{"line":318,"column":63}}],"line":318},"35":{"loc":{"start":{"line":326,"column":20},"end":{"line":326,"column":null}},"type":"cond-expr","locations":[{"start":{"line":326,"column":33},"end":{"line":326,"column":45}},{"start":{"line":326,"column":45},"end":{"line":326,"column":null}}],"line":326},"36":{"loc":{"start":{"line":369,"column":22},"end":{"line":369,"column":null}},"type":"cond-expr","locations":[{"start":{"line":369,"column":35},"end":{"line":369,"column":47}},{"start":{"line":369,"column":47},"end":{"line":369,"column":null}}],"line":369},"37":{"loc":{"start":{"line":372,"column":39},"end":{"line":372,"column":75}},"type":"cond-expr","locations":[{"start":{"line":372,"column":52},"end":{"line":372,"column":64}},{"start":{"line":372,"column":64},"end":{"line":372,"column":75}}],"line":372},"38":{"loc":{"start":{"line":396,"column":12},"end":{"line":396,"column":161}},"type":"cond-expr","locations":[{"start":{"line":396,"column":33},"end":{"line":396,"column":41}},{"start":{"line":396,"column":41},"end":{"line":396,"column":161}}],"line":396},"39":{"loc":{"start":{"line":396,"column":41},"end":{"line":396,"column":161}},"type":"cond-expr","locations":[{"start":{"line":396,"column":62},"end":{"line":396,"column":70}},{"start":{"line":396,"column":70},"end":{"line":396,"column":161}}],"line":396},"40":{"loc":{"start":{"line":396,"column":70},"end":{"line":396,"column":161}},"type":"cond-expr","locations":[{"start":{"line":396,"column":91},"end":{"line":396,"column":98}},{"start":{"line":396,"column":98},"end":{"line":396,"column":161}}],"line":396},"41":{"loc":{"start":{"line":396,"column":98},"end":{"line":396,"column":161}},"type":"cond-expr","locations":[{"start":{"line":396,"column":119},"end":{"line":396,"column":126}},{"start":{"line":396,"column":126},"end":{"line":396,"column":161}}],"line":396},"42":{"loc":{"start":{"line":396,"column":126},"end":{"line":396,"column":161}},"type":"cond-expr","locations":[{"start":{"line":396,"column":148},"end":{"line":396,"column":156}},{"start":{"line":396,"column":156},"end":{"line":396,"column":161}}],"line":396}},"s":{"0":9,"1":9,"2":1,"3":8,"4":8,"5":42,"6":8,"7":0,"8":8,"9":8,"10":8,"11":8,"12":0,"13":0,"14":0,"15":0,"16":0,"17":0,"18":7,"19":7,"20":7,"21":1,"22":1,"23":1,"24":0,"25":0,"26":0,"27":8,"28":50,"29":8,"30":7,"31":7,"32":1,"33":6,"34":6,"35":6,"36":7,"37":7,"38":7,"39":7,"40":294,"41":294,"42":294,"43":294,"44":294,"45":294,"46":6,"47":1,"48":1,"49":0,"50":0,"51":0,"52":8,"53":8,"54":0,"55":0,"56":8,"57":293,"58":301,"59":301,"60":301,"61":0,"62":301,"63":295,"64":6,"65":301,"66":8,"67":9,"68":9,"69":9,"70":9,"71":9,"72":301,"73":9,"74":9,"75":9,"76":301,"77":9,"78":301,"79":43,"80":258,"81":1806,"82":258,"83":9,"84":301,"85":181,"86":120,"87":3600,"88":120,"89":9,"90":301,"91":9,"92":9,"93":48,"94":1,"95":0,"96":0,"97":0,"98":0,"99":0,"100":0,"101":0,"102":0,"103":0,"104":0,"105":0,"106":0},"f":{"0":9,"1":8,"2":42,"3":50,"4":0,"5":0,"6":293,"7":301,"8":301,"9":301,"10":301,"11":1806,"12":301,"13":3600,"14":301,"15":48,"16":1,"17":0,"18":0},"b":{"0":[1,8],"1":[9,9],"2":[0,8],"3":[0,0,7,1,0],"4":[7,1],"5":[1,6],"6":[6,0],"7":[1,0],"8":[0,8],"9":[293,8],"10":[0,301],"11":[301,301],"12":[295,6],"13":[301,0],"14":[301,0],"15":[8,0],"16":[9,0],"17":[8,0],"18":[43,258],"19":[181,120],"20":[8,40],"21":[8,0],"22":[8,0],"23":[8,0],"24":[8,0],"25":[8,0],"26":[8,0],"27":[0,0],"28":[0,0],"29":[0,0],"30":[0,0],"31":[0,0],"32":[0,0],"33":[0,0],"34":[0,0],"35":[8,0],"36":[8,0],"37":[8,0],"38":[0,8],"39":[0,8],"40":[7,1],"41":[1,0],"42":[0,0]},"meta":{"lastBranch":43,"lastFunction":19,"lastStatement":107,"seen":{"f:12:16:12:32":0,"s:13:32:13:Infinity":0,"b:15:2:21:Infinity:undefined:undefined:undefined:undefined":0,"s:15:2:21:Infinity":1,"b:15:6:15:23:15:23:15:50":1,"s:16:4:19:Infinity":2,"s:24:26:102:Infinity":3,"f:24:26:24:32":1,"s:25:26:25:Infinity":4,"f:25:49:25:50":2,"s:25:59:25:74":5,"b:27:4:29:Infinity:undefined:undefined:undefined:undefined":2,"s:27:4:29:Infinity":6,"s:28:6:28:Infinity":7,"s:31:16:31:Infinity":8,"s:32:21:32:Infinity":9,"s:33:23:33:Infinity":10,"b:36:6:39:Infinity:40:6:43:Infinity:44:6:47:Infinity:48:6:51:Infinity:52:6:55:Infinity":3,"s:35:4:56:Infinity":11,"s:37:8:37:Infinity":12,"s:38:8:38:Infinity":13,"s:39:8:39:Infinity":14,"s:41:8:41:Infinity":15,"s:42:8:42:Infinity":16,"s:43:8:43:Infinity":17,"s:45:8:45:Infinity":18,"s:46:8:46:Infinity":19,"s:47:8:47:Infinity":20,"s:49:8:49:Infinity":21,"s:50:8:50:Infinity":22,"s:51:8:51:Infinity":23,"s:53:8:53:Infinity":24,"s:54:8:54:Infinity":25,"s:55:8:55:Infinity":26,"s:59:21:59:Infinity":27,"f:59:42:59:47":3,"s:59:47:59:67":28,"b:62:4:92:Infinity:undefined:undefined:undefined:undefined":4,"s:62:4:92:Infinity":29,"s:64:25:64:Infinity":30,"b:65:6:65:Infinity:undefined:undefined:undefined:undefined":5,"s:65:6:65:Infinity":31,"s:65:33:65:Infinity":32,"s:67:25:67:Infinity":33,"s:68:23:68:Infinity":34,"s:69:23:69:Infinity":35,"b:69:40:69:59:69:59:69:Infinity":6,"s:72:46:72:Infinity":36,"s:73:19:73:Infinity":37,"s:75:6:89:Infinity":38,"s:75:19:75:22":39,"s:76:22:76:Infinity":40,"s:77:21:77:Infinity":41,"s:78:22:78:Infinity":42,"s:80:27:80:Infinity":43,"s:81:14:81:Infinity":44,"s:83:8:88:Infinity":45,"s:91:6:91:Infinity":46,"b:95:4:97:Infinity:undefined:undefined:undefined:undefined":7,"s:95:4:97:Infinity":47,"s:96:6:96:Infinity":48,"s:100:17:100:Infinity":49,"s:101:4:101:Infinity":50,"f:101:27:101:28":4,"s:101:41:101:59":51,"s:104:26:104:Infinity":52,"b:106:2:118:Infinity:undefined:undefined:undefined:undefined":8,"s:106:2:118:Infinity":53,"s:107:4:116:Infinity":54,"f:111:19:111:25":5,"s:111:25:111:Infinity":55,"s:121:20:144:Infinity":56,"f:122:10:122:11":6,"s:122:20:122:35":57,"f:123:9:123:10":7,"s:124:24:124:Infinity":58,"b:124:36:124:59:124:59:124:Infinity":9,"s:126:23:126:Infinity":59,"b:127:6:133:Infinity:129:6:133:Infinity":10,"s:127:6:133:Infinity":60,"b:127:10:127:32:127:32:127:52":11,"s:128:8:128:Infinity":61,"b:129:6:133:Infinity:131:13:133:Infinity":12,"s:129:6:133:Infinity":62,"s:130:8:130:Infinity":63,"s:132:8:132:Infinity":64,"s:135:6:143:Infinity":65,"b:139:14:139:28:139:28:139:Infinity":13,"b:140:13:140:26:140:26:140:Infinity":14,"s:147:21:147:Infinity":66,"b:147:21:147:50:147:50:147:Infinity":15,"s:148:20:148:Infinity":67,"b:148:20:148:74:148:74:148:Infinity":16,"s:149:22:149:Infinity":68,"s:150:29:150:Infinity":69,"b:150:42:150:94:150:94:150:Infinity":17,"s:151:21:151:Infinity":70,"s:154:20:154:Infinity":71,"f:154:40:154:45":8,"s:154:45:154:52":72,"s:155:23:155:Infinity":73,"s:156:22:156:Infinity":74,"s:159:19:159:Infinity":75,"f:159:36:159:37":9,"s:159:46:159:53":76,"s:162:18:166:Infinity":77,"f:162:32:162:33":10,"b:163:4:163:Infinity:undefined:undefined:undefined:undefined":18,"s:163:4:163:Infinity":78,"s:163:19:163:Infinity":79,"s:164:16:164:Infinity":80,"f:164:61:164:62":11,"s:164:73:164:88":81,"s:165:4:165:Infinity":82,"s:169:19:173:Infinity":83,"f:169:33:169:34":12,"b:170:4:170:Infinity:undefined:undefined:undefined:undefined":19,"s:170:4:170:Infinity":84,"s:170:20:170:Infinity":85,"s:171:16:171:Infinity":86,"f:171:62:171:63":13,"s:171:74:171:89":87,"s:172:4:172:Infinity":88,"s:176:23:180:Infinity":89,"f:176:37:176:38":14,"s:176:56:180:4":90,"s:183:8:183:Infinity":91,"s:185:2:398:Infinity":92,"f:197:16:197:17":15,"s:198:12:207:Infinity":93,"f:200:23:200:29":16,"s:200:29:200:Infinity":94,"b:202:18:202:Infinity:203:18:203:Infinity":20,"b:222:14:222:Infinity:224:14:224:Infinity":21,"b:230:64:230:85:230:85:230:99":22,"b:231:26:231:32:231:32:231:36":23,"b:231:72:231:78:231:78:231:81":24,"b:270:58:270:70:270:70:270:81":25,"b:271:59:271:71:271:71:271:82":26,"f:291:29:291:30":17,"s:291:40:291:Infinity":95,"f:312:25:312:26":18,"b:313:16:313:Infinity:undefined:undefined:undefined:undefined":27,"s:313:16:313:Infinity":96,"b:313:20:313:43:313:43:313:59":28,"s:313:59:313:Infinity":97,"b:313:73:313:81:313:81:313:83":29,"b:314:16:314:Infinity:undefined:undefined:undefined:undefined":30,"s:314:16:314:Infinity":98,"s:314:38:314:Infinity":99,"b:315:16:315:Infinity:undefined:undefined:undefined:undefined":31,"s:315:16:315:Infinity":100,"s:315:36:315:Infinity":101,"b:316:16:316:Infinity:undefined:undefined:undefined:undefined":32,"s:316:16:316:Infinity":102,"s:316:37:316:Infinity":103,"b:317:16:317:Infinity:undefined:undefined:undefined:undefined":33,"s:317:16:317:Infinity":104,"s:317:39:317:Infinity":105,"s:318:16:318:Infinity":106,"b:318:53:318:61:318:61:318:63":34,"b:326:33:326:45:326:45:326:Infinity":35,"b:369:35:369:47:369:47:369:Infinity":36,"b:372:52:372:64:372:64:372:75":37,"b:396:33:396:41:396:41:396:161":38,"b:396:62:396:70:396:70:396:161":39,"b:396:91:396:98:396:98:396:161":40,"b:396:119:396:126:396:126:396:161":41,"b:396:148:396:156:396:156:396:161":42}}}
,"C:\\Users\\dream\\Projects\\Web3Tracker\\src\\utils\\favicon.ts": {"path":"C:\\Users\\dream\\Projects\\Web3Tracker\\src\\utils\\favicon.ts","statementMap":{"0":{"start":{"line":6,"column":2},"end":{"line":6,"column":null}},"1":{"start":{"line":6,"column":19},"end":{"line":6,"column":null}},"2":{"start":{"line":8,"column":2},"end":{"line":15,"column":null}},"3":{"start":{"line":9,"column":16},"end":{"line":9,"column":null}},"4":{"start":{"line":10,"column":19},"end":{"line":10,"column":null}},"5":{"start":{"line":12,"column":4},"end":{"line":12,"column":null}},"6":{"start":{"line":14,"column":4},"end":{"line":14,"column":null}},"7":{"start":{"line":22,"column":2},"end":{"line":22,"column":null}},"8":{"start":{"line":22,"column":19},"end":{"line":22,"column":null}},"9":{"start":{"line":24,"column":2},"end":{"line":30,"column":null}},"10":{"start":{"line":25,"column":16},"end":{"line":25,"column":null}},"11":{"start":{"line":26,"column":19},"end":{"line":26,"column":null}},"12":{"start":{"line":27,"column":4},"end":{"line":27,"column":null}},"13":{"start":{"line":29,"column":4},"end":{"line":29,"column":null}},"14":{"start":{"line":37,"column":2},"end":{"line":37,"column":null}},"15":{"start":{"line":37,"column":19},"end":{"line":37,"column":null}},"16":{"start":{"line":39,"column":2},"end":{"line":44,"column":null}},"17":{"start":{"line":40,"column":16},"end":{"line":40,"column":null}},"18":{"start":{"line":41,"column":4},"end":{"line":41,"column":null}},"19":{"start":{"line":43,"column":4},"end":{"line":43,"column":null}}},"fnMap":{"0":{"name":"getFaviconUrl","decl":{"start":{"line":5,"column":16},"end":{"line":5,"column":30}},"loc":{"start":{"line":5,"column":65},"end":{"line":16,"column":null}},"line":5},"1":{"name":"getGoogleFaviconUrl","decl":{"start":{"line":21,"column":16},"end":{"line":21,"column":36}},"loc":{"start":{"line":21,"column":71},"end":{"line":31,"column":null}},"line":21},"2":{"name":"getDirectFaviconUrl","decl":{"start":{"line":36,"column":16},"end":{"line":36,"column":36}},"loc":{"start":{"line":36,"column":71},"end":{"line":45,"column":null}},"line":36}},"branchMap":{"0":{"loc":{"start":{"line":6,"column":2},"end":{"line":6,"column":null}},"type":"if","locations":[{"start":{"line":6,"column":2},"end":{"line":6,"column":null}},{"start":{},"end":{}}],"line":6},"1":{"loc":{"start":{"line":22,"column":2},"end":{"line":22,"column":null}},"type":"if","locations":[{"start":{"line":22,"column":2},"end":{"line":22,"column":null}},{"start":{},"end":{}}],"line":22},"2":{"loc":{"start":{"line":37,"column":2},"end":{"line":37,"column":null}},"type":"if","locations":[{"start":{"line":37,"column":2},"end":{"line":37,"column":null}},{"start":{},"end":{}}],"line":37}},"s":{"0":0,"1":0,"2":0,"3":0,"4":0,"5":0,"6":0,"7":0,"8":0,"9":0,"10":0,"11":0,"12":0,"13":0,"14":0,"15":0,"16":0,"17":0,"18":0,"19":0},"f":{"0":0,"1":0,"2":0},"b":{"0":[0,0],"1":[0,0],"2":[0,0]},"meta":{"lastBranch":3,"lastFunction":3,"lastStatement":20,"seen":{"f:5:16:5:30":0,"b:6:2:6:Infinity:undefined:undefined:undefined:undefined":0,"s:6:2:6:Infinity":0,"s:6:19:6:Infinity":1,"s:8:2:15:Infinity":2,"s:9:16:9:Infinity":3,"s:10:19:10:Infinity":4,"s:12:4:12:Infinity":5,"s:14:4:14:Infinity":6,"f:21:16:21:36":1,"b:22:2:22:Infinity:undefined:undefined:undefined:undefined":1,"s:22:2:22:Infinity":7,"s:22:19:22:Infinity":8,"s:24:2:30:Infinity":9,"s:25:16:25:Infinity":10,"s:26:19:26:Infinity":11,"s:27:4:27:Infinity":12,"s:29:4:29:Infinity":13,"f:36:16:36:36":2,"b:37:2:37:Infinity:undefined:undefined:undefined:undefined":2,"s:37:2:37:Infinity":14,"s:37:19:37:Infinity":15,"s:39:2:44:Infinity":16,"s:40:16:40:Infinity":17,"s:41:4:41:Infinity":18,"s:43:4:43:Infinity":19}}}
,"C:\\Users\\dream\\Projects\\Web3Tracker\\src\\utils\\mockPriceData.ts": {"path":"C:\\Users\\dream\\Projects\\Web3Tracker\\src\\utils\\mockPriceData.ts","statementMap":{"0":{"start":{"line":11,"column":37},"end":{"line":11,"column":null}},"1":{"start":{"line":12,"column":14},"end":{"line":12,"column":null}},"2":{"start":{"line":13,"column":21},"end":{"line":13,"column":null}},"3":{"start":{"line":15,"column":2},"end":{"line":32,"column":null}},"4":{"start":{"line":15,"column":15},"end":{"line":15,"column":21}},"5":{"start":{"line":16,"column":17},"end":{"line":16,"column":null}},"6":{"start":{"line":19,"column":10},"end":{"line":19,"column":null}},"7":{"start":{"line":20,"column":4},"end":{"line":20,"column":null}},"8":{"start":{"line":23,"column":17},"end":{"line":23,"column":null}},"9":{"start":{"line":24,"column":16},"end":{"line":24,"column":null}},"10":{"start":{"line":26,"column":4},"end":{"line":31,"column":null}},"11":{"start":{"line":34,"column":2},"end":{"line":34,"column":null}}},"fnMap":{"0":{"name":"generateMockPriceHistory","decl":{"start":{"line":6,"column":16},"end":{"line":6,"column":null}},"loc":{"start":{"line":10,"column":21},"end":{"line":35,"column":null}},"line":10}},"branchMap":{"0":{"loc":{"start":{"line":8,"column":2},"end":{"line":8,"column":null}},"type":"default-arg","locations":[{"start":{"line":8,"column":17},"end":{"line":8,"column":null}}],"line":8},"1":{"loc":{"start":{"line":9,"column":2},"end":{"line":9,"column":null}},"type":"default-arg","locations":[{"start":{"line":9,"column":23},"end":{"line":9,"column":null}}],"line":9}},"s":{"0":8,"1":8,"2":8,"3":8,"4":8,"5":133,"6":133,"7":133,"8":133,"9":133,"10":133,"11":8},"f":{"0":8},"b":{"0":[8],"1":[8]},"meta":{"lastBranch":2,"lastFunction":1,"lastStatement":12,"seen":{"f:6:16:6:Infinity":0,"b:8:17:8:Infinity":0,"b:9:23:9:Infinity":1,"s:11:37:11:Infinity":0,"s:12:14:12:Infinity":1,"s:13:21:13:Infinity":2,"s:15:2:32:Infinity":3,"s:15:15:15:21":4,"s:16:17:16:Infinity":5,"s:19:10:19:Infinity":6,"s:20:4:20:Infinity":7,"s:23:17:23:Infinity":8,"s:24:16:24:Infinity":9,"s:26:4:31:Infinity":10,"s:34:2:34:Infinity":11}}}
,"C:\\Users\\dream\\Projects\\Web3Tracker\\src\\utils\\priceDataCache.ts": {"path":"C:\\Users\\dream\\Projects\\Web3Tracker\\src\\utils\\priceDataCache.ts","statementMap":{"0":{"start":{"line":11,"column":18},"end":{"line":11,"column":null}},"1":{"start":{"line":12,"column":23},"end":{"line":12,"column":null}},"2":{"start":{"line":18,"column":2},"end":{"line":41,"column":null}},"3":{"start":{"line":19,"column":21},"end":{"line":19,"column":null}},"4":{"start":{"line":20,"column":4},"end":{"line":20,"column":null}},"5":{"start":{"line":20,"column":19},"end":{"line":20,"column":null}},"6":{"start":{"line":22,"column":51},"end":{"line":22,"column":null}},"7":{"start":{"line":23,"column":16},"end":{"line":23,"column":null}},"8":{"start":{"line":24,"column":19},"end":{"line":24,"column":null}},"9":{"start":{"line":26,"column":4},"end":{"line":26,"column":null}},"10":{"start":{"line":26,"column":17},"end":{"line":26,"column":null}},"11":{"start":{"line":29,"column":16},"end":{"line":29,"column":null}},"12":{"start":{"line":30,"column":4},"end":{"line":35,"column":null}},"13":{"start":{"line":32,"column":6},"end":{"line":32,"column":null}},"14":{"start":{"line":33,"column":6},"end":{"line":33,"column":null}},"15":{"start":{"line":34,"column":6},"end":{"line":34,"column":null}},"16":{"start":{"line":37,"column":4},"end":{"line":37,"column":null}},"17":{"start":{"line":39,"column":4},"end":{"line":39,"column":null}},"18":{"start":{"line":40,"column":4},"end":{"line":40,"column":null}},"19":{"start":{"line":53,"column":2},"end":{"line":69,"column":null}},"20":{"start":{"line":54,"column":21},"end":{"line":54,"column":null}},"21":{"start":{"line":55,"column":51},"end":{"line":55,"column":null}},"22":{"start":{"line":57,"column":16},"end":{"line":57,"column":null}},"23":{"start":{"line":58,"column":4},"end":{"line":64,"column":null}},"24":{"start":{"line":66,"column":4},"end":{"line":66,"column":null}},"25":{"start":{"line":68,"column":4},"end":{"line":68,"column":null}},"26":{"start":{"line":76,"column":2},"end":{"line":92,"column":null}},"27":{"start":{"line":77,"column":21},"end":{"line":77,"column":null}},"28":{"start":{"line":78,"column":4},"end":{"line":78,"column":null}},"29":{"start":{"line":78,"column":19},"end":{"line":78,"column":null}},"30":{"start":{"line":80,"column":51},"end":{"line":80,"column":null}},"31":{"start":{"line":83,"column":4},"end":{"line":87,"column":null}},"32":{"start":{"line":84,"column":6},"end":{"line":86,"column":null}},"33":{"start":{"line":85,"column":8},"end":{"line":85,"column":null}},"34":{"start":{"line":89,"column":4},"end":{"line":89,"column":null}},"35":{"start":{"line":91,"column":4},"end":{"line":91,"column":null}},"36":{"start":{"line":99,"column":2},"end":{"line":119,"column":null}},"37":{"start":{"line":100,"column":21},"end":{"line":100,"column":null}},"38":{"start":{"line":101,"column":4},"end":{"line":101,"column":null}},"39":{"start":{"line":101,"column":19},"end":{"line":101,"column":null}},"40":{"start":{"line":103,"column":51},"end":{"line":103,"column":null}},"41":{"start":{"line":104,"column":16},"end":{"line":104,"column":null}},"42":{"start":{"line":105,"column":21},"end":{"line":105,"column":null}},"43":{"start":{"line":107,"column":4},"end":{"line":112,"column":null}},"44":{"start":{"line":108,"column":6},"end":{"line":111,"column":null}},"45":{"start":{"line":109,"column":8},"end":{"line":109,"column":null}},"46":{"start":{"line":110,"column":8},"end":{"line":110,"column":null}},"47":{"start":{"line":114,"column":4},"end":{"line":116,"column":null}},"48":{"start":{"line":115,"column":6},"end":{"line":115,"column":null}},"49":{"start":{"line":118,"column":4},"end":{"line":118,"column":null}},"50":{"start":{"line":131,"column":2},"end":{"line":167,"column":null}},"51":{"start":{"line":132,"column":21},"end":{"line":132,"column":null}},"52":{"start":{"line":133,"column":4},"end":{"line":140,"column":null}},"53":{"start":{"line":134,"column":6},"end":{"line":139,"column":null}},"54":{"start":{"line":142,"column":51},"end":{"line":142,"column":null}},"55":{"start":{"line":143,"column":20},"end":{"line":143,"column":null}},"56":{"start":{"line":145,"column":23},"end":{"line":145,"column":null}},"57":{"start":{"line":145,"column":40},"end":{"line":145,"column":53}},"58":{"start":{"line":146,"column":24},"end":{"line":146,"column":null}},"59":{"start":{"line":147,"column":24},"end":{"line":147,"column":null}},"60":{"start":{"line":150,"column":24},"end":{"line":150,"column":null}},"61":{"start":{"line":151,"column":10},"end":{"line":151,"column":null}},"62":{"start":{"line":153,"column":4},"end":{"line":158,"column":null}},"63":{"start":{"line":160,"column":4},"end":{"line":160,"column":null}},"64":{"start":{"line":161,"column":4},"end":{"line":166,"column":null}},"65":{"start":{"line":174,"column":2},"end":{"line":178,"column":null}},"66":{"start":{"line":175,"column":4},"end":{"line":175,"column":null}},"67":{"start":{"line":177,"column":4},"end":{"line":177,"column":null}},"68":{"start":{"line":185,"column":17},"end":{"line":185,"column":null}},"69":{"start":{"line":186,"column":2},"end":{"line":186,"column":null}},"70":{"start":{"line":186,"column":15},"end":{"line":186,"column":null}},"71":{"start":{"line":188,"column":14},"end":{"line":188,"column":null}},"72":{"start":{"line":189,"column":19},"end":{"line":189,"column":null}},"73":{"start":{"line":190,"column":2},"end":{"line":190,"column":null}},"74":{"start":{"line":197,"column":17},"end":{"line":197,"column":null}},"75":{"start":{"line":198,"column":2},"end":{"line":198,"column":null}},"76":{"start":{"line":198,"column":15},"end":{"line":198,"column":null}},"77":{"start":{"line":200,"column":14},"end":{"line":200,"column":null}},"78":{"start":{"line":201,"column":19},"end":{"line":201,"column":null}},"79":{"start":{"line":202,"column":2},"end":{"line":202,"column":null}}},"fnMap":{"0":{"name":"getCachedPriceData","decl":{"start":{"line":17,"column":16},"end":{"line":17,"column":35}},"loc":{"start":{"line":17,"column":97},"end":{"line":42,"column":null}},"line":17},"1":{"name":"setCachedPriceData","decl":{"start":{"line":47,"column":16},"end":{"line":47,"column":null}},"loc":{"start":{"line":52,"column":8},"end":{"line":70,"column":null}},"line":52},"2":{"name":"clearCachedPriceData","decl":{"start":{"line":75,"column":16},"end":{"line":75,"column":37}},"loc":{"start":{"line":75,"column":59},"end":{"line":93,"column":null}},"line":75},"3":{"name":"(anonymous_3)","decl":{"start":{"line":83,"column":31},"end":{"line":83,"column":38}},"loc":{"start":{"line":83,"column":38},"end":{"line":87,"column":5}},"line":83},"4":{"name":"cleanExpiredCache","decl":{"start":{"line":98,"column":16},"end":{"line":98,"column":42}},"loc":{"start":{"line":98,"column":42},"end":{"line":120,"column":null}},"line":98},"5":{"name":"(anonymous_5)","decl":{"start":{"line":107,"column":31},"end":{"line":107,"column":38}},"loc":{"start":{"line":107,"column":38},"end":{"line":112,"column":5}},"line":107},"6":{"name":"getCacheStats","decl":{"start":{"line":125,"column":16},"end":{"line":125,"column":null}},"loc":{"start":{"line":130,"column":2},"end":{"line":168,"column":null}},"line":130},"7":{"name":"(anonymous_7)","decl":{"start":{"line":145,"column":35},"end":{"line":145,"column":40}},"loc":{"start":{"line":145,"column":40},"end":{"line":145,"column":53}},"line":145},"8":{"name":"clearAllCache","decl":{"start":{"line":173,"column":16},"end":{"line":173,"column":38}},"loc":{"start":{"line":173,"column":38},"end":{"line":179,"column":null}},"line":173},"9":{"name":"isCacheExpiringSoon","decl":{"start":{"line":184,"column":16},"end":{"line":184,"column":36}},"loc":{"start":{"line":184,"column":83},"end":{"line":191,"column":null}},"line":184},"10":{"name":"getCacheTimeLeft","decl":{"start":{"line":196,"column":16},"end":{"line":196,"column":33}},"loc":{"start":{"line":196,"column":86},"end":{"line":203,"column":null}},"line":196}},"branchMap":{"0":{"loc":{"start":{"line":20,"column":4},"end":{"line":20,"column":null}},"type":"if","locations":[{"start":{"line":20,"column":4},"end":{"line":20,"column":null}},{"start":{},"end":{}}],"line":20},"1":{"loc":{"start":{"line":26,"column":4},"end":{"line":26,"column":null}},"type":"if","locations":[{"start":{"line":26,"column":4},"end":{"line":26,"column":null}},{"start":{},"end":{}}],"line":26},"2":{"loc":{"start":{"line":30,"column":4},"end":{"line":35,"column":null}},"type":"if","locations":[{"start":{"line":30,"column":4},"end":{"line":35,"column":null}},{"start":{},"end":{}}],"line":30},"3":{"loc":{"start":{"line":55,"column":51},"end":{"line":55,"column":null}},"type":"cond-expr","locations":[{"start":{"line":55,"column":62},"end":{"line":55,"column":85}},{"start":{"line":55,"column":85},"end":{"line":55,"column":null}}],"line":55},"4":{"loc":{"start":{"line":78,"column":4},"end":{"line":78,"column":null}},"type":"if","locations":[{"start":{"line":78,"column":4},"end":{"line":78,"column":null}},{"start":{},"end":{}}],"line":78},"5":{"loc":{"start":{"line":84,"column":6},"end":{"line":86,"column":null}},"type":"if","locations":[{"start":{"line":84,"column":6},"end":{"line":86,"column":null}},{"start":{},"end":{}}],"line":84},"6":{"loc":{"start":{"line":101,"column":4},"end":{"line":101,"column":null}},"type":"if","locations":[{"start":{"line":101,"column":4},"end":{"line":101,"column":null}},{"start":{},"end":{}}],"line":101},"7":{"loc":{"start":{"line":108,"column":6},"end":{"line":111,"column":null}},"type":"if","locations":[{"start":{"line":108,"column":6},"end":{"line":111,"column":null}},{"start":{},"end":{}}],"line":108},"8":{"loc":{"start":{"line":114,"column":4},"end":{"line":116,"column":null}},"type":"if","locations":[{"start":{"line":114,"column":4},"end":{"line":116,"column":null}},{"start":{},"end":{}}],"line":114},"9":{"loc":{"start":{"line":133,"column":4},"end":{"line":140,"column":null}},"type":"if","locations":[{"start":{"line":133,"column":4},"end":{"line":140,"column":null}},{"start":{},"end":{}}],"line":133},"10":{"loc":{"start":{"line":146,"column":24},"end":{"line":146,"column":null}},"type":"cond-expr","locations":[{"start":{"line":146,"column":48},"end":{"line":146,"column":74}},{"start":{"line":146,"column":74},"end":{"line":146,"column":null}}],"line":146},"11":{"loc":{"start":{"line":147,"column":24},"end":{"line":147,"column":null}},"type":"cond-expr","locations":[{"start":{"line":147,"column":48},"end":{"line":147,"column":74}},{"start":{"line":147,"column":74},"end":{"line":147,"column":null}}],"line":147},"12":{"loc":{"start":{"line":186,"column":2},"end":{"line":186,"column":null}},"type":"if","locations":[{"start":{"line":186,"column":2},"end":{"line":186,"column":null}},{"start":{},"end":{}}],"line":186},"13":{"loc":{"start":{"line":198,"column":2},"end":{"line":198,"column":null}},"type":"if","locations":[{"start":{"line":198,"column":2},"end":{"line":198,"column":null}},{"start":{},"end":{}}],"line":198}},"s":{"0":1,"1":1,"2":11,"3":11,"4":11,"5":3,"6":8,"7":8,"8":8,"9":8,"10":1,"11":7,"12":7,"13":1,"14":1,"15":1,"16":6,"17":0,"18":0,"19":8,"20":8,"21":8,"22":8,"23":8,"24":8,"25":0,"26":0,"27":0,"28":0,"29":0,"30":0,"31":0,"32":0,"33":0,"34":0,"35":0,"36":2,"37":2,"38":2,"39":0,"40":2,"41":2,"42":2,"43":2,"44":2,"45":1,"46":1,"47":2,"48":1,"49":1,"50":2,"51":2,"52":2,"53":1,"54":1,"55":1,"56":1,"57":2,"58":1,"59":2,"60":2,"61":2,"62":2,"63":0,"64":0,"65":13,"66":13,"67":0,"68":2,"69":2,"70":1,"71":1,"72":1,"73":1,"74":2,"75":2,"76":1,"77":1,"78":1,"79":1},"f":{"0":11,"1":8,"2":0,"3":0,"4":2,"5":2,"6":2,"7":2,"8":13,"9":2,"10":2},"b":{"0":[3,8],"1":[1,7],"2":[1,6],"3":[1,7],"4":[0,0],"5":[0,0],"6":[0,2],"7":[1,1],"8":[1,1],"9":[1,1],"10":[1,0],"11":[1,0],"12":[1,1],"13":[1,1]},"meta":{"lastBranch":14,"lastFunction":11,"lastStatement":80,"seen":{"s:11:18:11:Infinity":0,"s:12:23:12:Infinity":1,"f:17:16:17:35":0,"s:18:2:41:Infinity":2,"s:19:21:19:Infinity":3,"b:20:4:20:Infinity:undefined:undefined:undefined:undefined":0,"s:20:4:20:Infinity":4,"s:20:19:20:Infinity":5,"s:22:51:22:Infinity":6,"s:23:16:23:Infinity":7,"s:24:19:24:Infinity":8,"b:26:4:26:Infinity:undefined:undefined:undefined:undefined":1,"s:26:4:26:Infinity":9,"s:26:17:26:Infinity":10,"s:29:16:29:Infinity":11,"b:30:4:35:Infinity:undefined:undefined:undefined:undefined":2,"s:30:4:35:Infinity":12,"s:32:6:32:Infinity":13,"s:33:6:33:Infinity":14,"s:34:6:34:Infinity":15,"s:37:4:37:Infinity":16,"s:39:4:39:Infinity":17,"s:40:4:40:Infinity":18,"f:47:16:47:Infinity":1,"s:53:2:69:Infinity":19,"s:54:21:54:Infinity":20,"s:55:51:55:Infinity":21,"b:55:62:55:85:55:85:55:Infinity":3,"s:57:16:57:Infinity":22,"s:58:4:64:Infinity":23,"s:66:4:66:Infinity":24,"s:68:4:68:Infinity":25,"f:75:16:75:37":2,"s:76:2:92:Infinity":26,"s:77:21:77:Infinity":27,"b:78:4:78:Infinity:undefined:undefined:undefined:undefined":4,"s:78:4:78:Infinity":28,"s:78:19:78:Infinity":29,"s:80:51:80:Infinity":30,"s:83:4:87:Infinity":31,"f:83:31:83:38":3,"b:84:6:86:Infinity:undefined:undefined:undefined:undefined":5,"s:84:6:86:Infinity":32,"s:85:8:85:Infinity":33,"s:89:4:89:Infinity":34,"s:91:4:91:Infinity":35,"f:98:16:98:42":4,"s:99:2:119:Infinity":36,"s:100:21:100:Infinity":37,"b:101:4:101:Infinity:undefined:undefined:undefined:undefined":6,"s:101:4:101:Infinity":38,"s:101:19:101:Infinity":39,"s:103:51:103:Infinity":40,"s:104:16:104:Infinity":41,"s:105:21:105:Infinity":42,"s:107:4:112:Infinity":43,"f:107:31:107:38":5,"b:108:6:111:Infinity:undefined:undefined:undefined:undefined":7,"s:108:6:111:Infinity":44,"s:109:8:109:Infinity":45,"s:110:8:110:Infinity":46,"b:114:4:116:Infinity:undefined:undefined:undefined:undefined":8,"s:114:4:116:Infinity":47,"s:115:6:115:Infinity":48,"s:118:4:118:Infinity":49,"f:125:16:125:Infinity":6,"s:131:2:167:Infinity":50,"s:132:21:132:Infinity":51,"b:133:4:140:Infinity:undefined:undefined:undefined:undefined":9,"s:133:4:140:Infinity":52,"s:134:6:139:Infinity":53,"s:142:51:142:Infinity":54,"s:143:20:143:Infinity":55,"s:145:23:145:Infinity":56,"f:145:35:145:40":7,"s:145:40:145:53":57,"s:146:24:146:Infinity":58,"b:146:48:146:74:146:74:146:Infinity":10,"s:147:24:147:Infinity":59,"b:147:48:147:74:147:74:147:Infinity":11,"s:150:24:150:Infinity":60,"s:151:10:151:Infinity":61,"s:153:4:158:Infinity":62,"s:160:4:160:Infinity":63,"s:161:4:166:Infinity":64,"f:173:16:173:38":8,"s:174:2:178:Infinity":65,"s:175:4:175:Infinity":66,"s:177:4:177:Infinity":67,"f:184:16:184:36":9,"s:185:17:185:Infinity":68,"b:186:2:186:Infinity:undefined:undefined:undefined:undefined":12,"s:186:2:186:Infinity":69,"s:186:15:186:Infinity":70,"s:188:14:188:Infinity":71,"s:189:19:189:Infinity":72,"s:190:2:190:Infinity":73,"f:196:16:196:33":10,"s:197:17:197:Infinity":74,"b:198:2:198:Infinity:undefined:undefined:undefined:undefined":13,"s:198:2:198:Infinity":75,"s:198:15:198:Infinity":76,"s:200:14:200:Infinity":77,"s:201:19:201:Infinity":78,"s:202:2:202:Infinity":79}}}
}
